<?xml version="1.0" encoding="UTF-8"?>
<robot generator="Robot 3.1.2 (Python 3.7.6 on win32)" generated="20200113 12:07:38.807" rpa="false">
<suite id="s1" name="Test" source="C:\Bluebox_work\งานที่ได้รับมอบหมาย\Jenkins\project\ROBOT\test.robot">
<test id="s1-t1" name="Search case">
<kw name="เปิดเว็บ google.com">
<kw name="Open Browser" library="Selenium2Library">
<doc>Opens a new browser instance to the optional ``url``.</doc>
<arguments>
<arg>${url}</arg>
<arg>${browser}</arg>
</arguments>
<msg timestamp="20200113 12:07:38.959" level="INFO">Opening browser 'chrome' to base url 'https://google.com/'.</msg>
<status status="PASS" starttime="20200113 12:07:38.958" endtime="20200113 12:07:44.639"></status>
</kw>
<status status="PASS" starttime="20200113 12:07:38.958" endtime="20200113 12:07:44.639"></status>
</kw>
<kw name="ค้นหาตาม keywords">
<kw name="Input Text" library="Selenium2Library">
<doc>Types the given ``text`` into the text field identified by ``locator``.</doc>
<arguments>
<arg>name=q</arg>
<arg>${expected_result}</arg>
</arguments>
<msg timestamp="20200113 12:07:44.640" level="INFO">Typing text 'Podcasts ไทย' into text field 'name=q'.</msg>
<status status="PASS" starttime="20200113 12:07:44.640" endtime="20200113 12:07:44.775"></status>
</kw>
<kw name="Submit Form" library="Selenium2Library">
<doc>Submits a form identified by ``locator``.</doc>
<msg timestamp="20200113 12:07:44.776" level="INFO">Submitting form 'None'.</msg>
<status status="PASS" starttime="20200113 12:07:44.775" endtime="20200113 12:07:45.581"></status>
</kw>
<status status="PASS" starttime="20200113 12:07:44.640" endtime="20200113 12:07:45.581"></status>
</kw>
<kw name="รอผลลัพธ์">
<kw name="Wait Until Page Contains" library="Selenium2Library">
<doc>Waits until ``text`` appears on the current page.</doc>
<arguments>
<arg>${expected_result}</arg>
</arguments>
<status status="PASS" starttime="20200113 12:07:45.582" endtime="20200113 12:07:45.597"></status>
</kw>
<status status="PASS" starttime="20200113 12:07:45.582" endtime="20200113 12:07:45.597"></status>
</kw>
<status status="PASS" starttime="20200113 12:07:38.958" endtime="20200113 12:07:45.598" critical="yes"></status>
</test>
<status status="PASS" starttime="20200113 12:07:38.808" endtime="20200113 12:07:45.598"></status>
</suite>
<statistics>
<total>
<stat pass="1" fail="0">Critical Tests</stat>
<stat pass="1" fail="0">All Tests</stat>
</total>
<tag>
</tag>
<suite>
<stat pass="1" fail="0" id="s1" name="Test">Test</stat>
</suite>
</statistics>
<errors>
</errors>
</robot>
